0 info it worked if it ends with ok
1 verbose cli [ '/usr/bin/node', '/usr/bin/npm', 'install', '-g', 'rec' ]
2 info using npm@1.4.28
3 info using node@v0.10.32
4 verbose node symlink /usr/bin/node
5 verbose cache add [ 'rec', null ]
6 verbose cache add name=undefined spec="rec" args=["rec",null]
7 verbose parsed url { protocol: null,
7 verbose parsed url   slashes: null,
7 verbose parsed url   auth: null,
7 verbose parsed url   host: null,
7 verbose parsed url   port: null,
7 verbose parsed url   hostname: null,
7 verbose parsed url   hash: null,
7 verbose parsed url   search: null,
7 verbose parsed url   query: null,
7 verbose parsed url   pathname: 'rec',
7 verbose parsed url   path: 'rec',
7 verbose parsed url   href: 'rec' }
8 silly lockFile b7699a1c-rec rec
9 verbose lock rec /home/yaronn01/.npm/b7699a1c-rec.lock
10 silly lockFile b7699a1c-rec rec
11 silly lockFile b7699a1c-rec rec
12 verbose addNamed [ 'rec', '' ]
13 verbose addNamed [ null, '*' ]
14 silly lockFile bc81ba39-rec rec@
15 verbose lock rec@ /home/yaronn01/.npm/bc81ba39-rec.lock
16 silly addNameRange { name: 'rec', range: '*', hasData: false }
17 verbose request where is /rec
18 verbose request registry https://registry.npmjs.org/
19 verbose request id ca0fb4c804c6b122
20 verbose url raw /rec
21 verbose url resolving [ 'https://registry.npmjs.org/', './rec' ]
22 verbose url resolved https://registry.npmjs.org/rec
23 verbose request where is https://registry.npmjs.org/rec
24 info trying registry request attempt 1 at 02:21:18
25 http GET https://registry.npmjs.org/rec
26 http 200 https://registry.npmjs.org/rec
27 silly registry.get cb [ 200,
27 silly registry.get   { date: 'Thu, 25 Sep 2014 23:21:19 GMT',
27 silly registry.get     server: 'CouchDB/1.5.0 (Erlang OTP/R16B03)',
27 silly registry.get     etag: '"5H1D8N4QIV43QDRXQYJAHBUTS"',
27 silly registry.get     'content-type': 'application/json',
27 silly registry.get     'cache-control': 'max-age=60',
27 silly registry.get     'content-length': '9782',
27 silly registry.get     'accept-ranges': 'bytes',
27 silly registry.get     via: '1.1 varnish',
27 silly registry.get     age: '0',
27 silly registry.get     'x-served-by': 'cache-ams4135-AMS',
27 silly registry.get     'x-cache': 'MISS',
27 silly registry.get     'x-cache-hits': '0',
27 silly registry.get     'x-timer': 'S1411687279.077755,VS0,VE489',
27 silly registry.get     vary: 'Accept',
27 silly registry.get     'keep-alive': 'timeout=10, max=50',
27 silly registry.get     connection: 'Keep-Alive' } ]
28 silly addNameRange number 2 { name: 'rec', range: '*', hasData: true }
29 silly addNameRange versions [ 'rec',
29 silly addNameRange   [ '0.0.0', '0.1.0', '0.2.0', '0.2.1', '0.2.2', '0.2.3' ] ]
30 verbose addNamed [ 'rec', '0.2.3' ]
31 verbose addNamed [ '0.2.3', '0.2.3' ]
32 silly lockFile 80498581-rec-0-2-3 rec@0.2.3
33 verbose lock rec@0.2.3 /home/yaronn01/.npm/80498581-rec-0-2-3.lock
34 silly lockFile 45b55ab7-stry-npmjs-org-rec-rec-0-2-3-tgz https://registry.npmjs.org/rec/-/rec-0.2.3.tgz
35 verbose lock https://registry.npmjs.org/rec/-/rec-0.2.3.tgz /home/yaronn01/.npm/45b55ab7-stry-npmjs-org-rec-rec-0-2-3-tgz.lock
36 verbose addRemoteTarball [ 'https://registry.npmjs.org/rec/-/rec-0.2.3.tgz',
36 verbose addRemoteTarball   '581fcb26467f11c2b2d2cdc1cfe53cd58ab9a519' ]
37 info retry fetch attempt 1 at 02:21:19
38 verbose fetch to= /tmp/npm-17911-gpwrSB6_/registry.npmjs.org/rec/-/rec-0.2.3.tgz
39 http GET https://registry.npmjs.org/rec/-/rec-0.2.3.tgz
40 http 200 https://registry.npmjs.org/rec/-/rec-0.2.3.tgz
41 silly lockFile 45b55ab7-stry-npmjs-org-rec-rec-0-2-3-tgz https://registry.npmjs.org/rec/-/rec-0.2.3.tgz
42 silly lockFile 45b55ab7-stry-npmjs-org-rec-rec-0-2-3-tgz https://registry.npmjs.org/rec/-/rec-0.2.3.tgz
43 silly lockFile 80498581-rec-0-2-3 rec@0.2.3
44 silly lockFile 80498581-rec-0-2-3 rec@0.2.3
45 silly lockFile bc81ba39-rec rec@
46 silly lockFile bc81ba39-rec rec@
47 silly resolved [ { name: 'rec',
47 silly resolved     version: '0.2.3',
47 silly resolved     description: 'A tool for recording CLI programs and posting their output.',
47 silly resolved     bin: { rec: './rec.js' },
47 silly resolved     repository: { type: 'git', url: 'git://github.com/creationix/rec.git' },
47 silly resolved     keywords: [ 'record', 'terminal', 'post' ],
47 silly resolved     author: { name: 'Tim Caswell', email: 'tim@creationix.com' },
47 silly resolved     license: 'MIT',
47 silly resolved     bugs: { url: 'https://github.com/creationix/rec/issues' },
47 silly resolved     dependencies: { 'msgpack-js': '~0.3.0' },
47 silly resolved     readme: 'rec\n===\n\nA tool for recording CLI programs and posting their output.\n\nTo install, first install [node.js][] and then `npm install -g rec`.\n\n## Instructions\n\n```\n> rec\n\n  Usage:  rec [options] command [args...]\n\n  Options:\n\n    -m --msgpack     Output MsgPack format (default)\n    -j --json        Output JSON format\n    -g --gzip        Gzip output\n    -p --play        Play back a recording\n    -q --quiet       Suppress message at end\n    --name=filename  File to save to (default is \'out\')\n\n```\n\n## Record a Terminalcast\n\n```\n> rec my program\n```\n\n## Play Back a Terminalcast\n\n```\n> rec --play rec.msgpack\n```\n\n[node.js]: http://nodejs.org/\n',
47 silly resolved     readmeFilename: 'README.md',
47 silly resolved     _id: 'rec@0.2.3',
47 silly resolved     dist:
47 silly resolved      { shasum: '581fcb26467f11c2b2d2cdc1cfe53cd58ab9a519',
47 silly resolved        tarball: 'http://registry.npmjs.org/rec/-/rec-0.2.3.tgz' },
47 silly resolved     _from: 'rec@',
47 silly resolved     _npmVersion: '1.3.2',
47 silly resolved     _npmUser: { name: 'creationix', email: 'tim@creationix.com' },
47 silly resolved     maintainers: [ [Object] ],
47 silly resolved     directories: {},
47 silly resolved     _shasum: '581fcb26467f11c2b2d2cdc1cfe53cd58ab9a519',
47 silly resolved     _resolved: 'https://registry.npmjs.org/rec/-/rec-0.2.3.tgz' } ]
48 info install rec@0.2.3 into /usr/lib
49 info installOne rec@0.2.3
50 verbose lib/node_modules/rec unbuild
51 verbose tar unpack /home/yaronn01/.npm/rec/0.2.3/package.tgz
52 silly lockFile 2166cbdc-tar-usr-lib-node-modules-rec tar:///usr/lib/node_modules/rec
53 verbose lock tar:///usr/lib/node_modules/rec /home/yaronn01/.npm/2166cbdc-tar-usr-lib-node-modules-rec.lock
54 silly lockFile d2a3d9c5-ronn01-npm-rec-0-2-3-package-tgz tar:///home/yaronn01/.npm/rec/0.2.3/package.tgz
55 verbose lock tar:///home/yaronn01/.npm/rec/0.2.3/package.tgz /home/yaronn01/.npm/d2a3d9c5-ronn01-npm-rec-0-2-3-package-tgz.lock
56 silly gunzTarPerm modes [ '775', '664' ]
57 error Error: EACCES, mkdir '/usr/lib/node_modules/rec'
57 error  { [Error: EACCES, mkdir '/usr/lib/node_modules/rec']
57 error   errno: 3,
57 error   code: 'EACCES',
57 error   path: '/usr/lib/node_modules/rec',
57 error   fstream_type: 'Directory',
57 error   fstream_path: '/usr/lib/node_modules/rec',
57 error   fstream_class: 'DirWriter',
57 error   fstream_stack:
57 error    [ '/usr/lib/node_modules/npm/node_modules/fstream/lib/dir-writer.js:36:23',
57 error      '/usr/lib/node_modules/npm/node_modules/mkdirp/index.js:46:53',
57 error      'Object.oncomplete (fs.js:107:15)' ] }
58 error Please try running this command again as root/Administrator.
59 error System Linux 3.11.0-23-generic
60 error command "/usr/bin/node" "/usr/bin/npm" "install" "-g" "rec"
61 error cwd /home/yaronn01/work/load.me/node-drawille-canvas
62 error node -v v0.10.32
63 error npm -v 1.4.28
64 error path /usr/lib/node_modules/rec
65 error fstream_path /usr/lib/node_modules/rec
66 error fstream_type Directory
67 error fstream_class DirWriter
68 error code EACCES
69 error errno 3
70 error stack Error: EACCES, mkdir '/usr/lib/node_modules/rec'
71 error fstream_stack /usr/lib/node_modules/npm/node_modules/fstream/lib/dir-writer.js:36:23
71 error fstream_stack /usr/lib/node_modules/npm/node_modules/mkdirp/index.js:46:53
71 error fstream_stack Object.oncomplete (fs.js:107:15)
72 verbose exit [ 3, true ]
